# JRE version: Java(TM) SE Runtime Environment (8.0_201-b09) (build 1.8.0_201-b09)
# Java VM: Java HotSpot(TM) Client VM (25.201-b09 mixed mode windows-x86 )
Heap:
 def new generation   total 4928K, used 1833K [0x04c00000, 0x05150000, 0x0a150000)
  eden space 4416K,  39% used [0x04c00000, 0x04db6810, 0x05050000)
  from space 512K,  15% used [0x05050000, 0x05063fc0, 0x050d0000)
  to   space 512K,   0% used [0x050d0000, 0x050d0000, 0x05150000)
 tenured generation   total 10944K, used 4895K [0x0a150000, 0x0ac00000, 0x14c00000)
   the space 10944K,  44% used [0x0a150000, 0x0a617ec0, 0x0a618000, 0x0ac00000)
 Metaspace       used 3712K, capacity 3849K, committed 3904K, reserved 4480K
GC Heap History (4 events):
Event: 1.038 GC heap before
{Heap before GC invocations=0 (full 0):
 def new generation   total 4928K, used 4416K [0x04c00000, 0x05150000, 0x0a150000)
  eden space 4416K, 100% used [0x04c00000, 0x05050000, 0x05050000)
  from space 512K,   0% used [0x05050000, 0x05050000, 0x050d0000)
  to   space 512K,   0% used [0x050d0000, 0x050d0000, 0x05150000)
 tenured generation   total 10944K, used 0K [0x0a150000, 0x0ac00000, 0x14c00000)
   the space 10944K,   0% used [0x0a150000, 0x0a150000, 0x0a150200, 0x0ac00000)
 Metaspace       used 3095K, capacity 3122K, committed 3136K, reserved 4480K
Event: 1.043 GC heap after
Heap after GC invocations=1 (full 0):
 def new generation   total 4928K, used 512K [0x04c00000, 0x05150000, 0x0a150000)
  eden space 4416K,   0% used [0x04c00000, 0x04c00000, 0x05050000)
  from space 512K, 100% used [0x050d0000, 0x05150000, 0x05150000)
  to   space 512K,   0% used [0x05050000, 0x05050000, 0x050d0000)
 tenured generation   total 10944K, used 516K [0x0a150000, 0x0ac00000, 0x14c00000)
   the space 10944K,   4% used [0x0a150000, 0x0a1d1210, 0x0a1d1400, 0x0ac00000)
 Metaspace       used 3095K, capacity 3122K, committed 3136K, reserved 4480K
}
Event: 1.151 GC heap before
{Heap before GC invocations=1 (full 0):
 def new generation   total 4928K, used 4928K [0x04c00000, 0x05150000, 0x0a150000)
  eden space 4416K, 100% used [0x04c00000, 0x05050000, 0x05050000)
  from space 512K, 100% used [0x050d0000, 0x05150000, 0x05150000)
  to   space 512K,   0% used [0x05050000, 0x05050000, 0x050d0000)
 tenured generation   total 10944K, used 516K [0x0a150000, 0x0ac00000, 0x14c00000)
   the space 10944K,   4% used [0x0a150000, 0x0a1d1210, 0x0a1d1400, 0x0ac00000)
 Metaspace       used 3442K, capacity 3457K, committed 3520K, reserved 4480K
Event: 1.158 GC heap after
Heap after GC invocations=2 (full 0):
 def new generation   total 4928K, used 79K [0x04c00000, 0x05150000, 0x0a150000)
  eden space 4416K,   0% used [0x04c00000, 0x04c00000, 0x05050000)
  from space 512K,  15% used [0x05050000, 0x05063fc0, 0x050d0000)
  to   space 512K,   0% used [0x050d0000, 0x050d0000, 0x05150000)
 tenured generation   total 10944K, used 4895K [0x0a150000, 0x0ac00000, 0x14c00000)
   the space 10944K,  44% used [0x0a150000, 0x0a617ec0, 0x0a618000, 0x0ac00000)
 Metaspace       used 3442K, capacity 3457K, committed 3520K, reserved 4480K
}

